<?xml version="1.0" encoding="UTF-8"?>
<testng-results skipped="0" failed="1" ignored="0" total="2" passed="1">
  <reporter-output>
    <line>
      <![CDATA[Chrome launched !!]]>
    </line>
    <line>
      <![CDATA[Navigated to:- http://www.way2automation.com/angularjs-protractor/banking/#/login]]>
    </line>
    <line>
      <![CDATA[loginAsBankManager test case initiated !!]]>
    </line>
    <line>
      <![CDATA[loginAsBankManager test case successfully completed!!]]>
    </line>
    <line>
      <![CDATA[Capture the failure screengrab]]>
    </line>
    <line>
      <![CDATA[<a target="_blank"href="C:\Users\Rohit\Pictures\HD Wallpapers\screenshot.jpg">Screenshot</a>]]>
    </line>
    <line>
      <![CDATA[<br>]]>
    </line>
    <line>
      <![CDATA[<a target="_blank"href="C:\Users\Rohit\Pictures\HD Wallpapers\screenshot.jpg"><img src="C:\Users\Rohit\Pictures\HD Wallpapers\screenshot.jpg" height=200 width=200></img></a>]]>
    </line>
    <line>
      <![CDATA[Customer successfully added and alert text validated]]>
    </line>
    <line>
      <![CDATA[Test suite execution completed]]>
    </line>
  </reporter-output>
  <suite name="Data Driven Basics" duration-ms="1848" started-at="2018-12-20T02:58:41Z" finished-at="2018-12-20T02:58:43Z">
    <groups>
    </groups>
    <test name="Bank Manager Login Test" duration-ms="946" started-at="2018-12-20T02:58:41Z" finished-at="2018-12-20T02:58:42Z">
      <class name="com.rgk.testcases.BankManagerLoginTest">
        <test-method status="FAIL" signature="loginAsBankManager()[pri:0, instance:com.rgk.testcases.BankManagerLoginTest@3b69e7d1]" name="loginAsBankManager" duration-ms="899" started-at="2018-12-20T02:58:41Z" finished-at="2018-12-20T02:58:42Z">
          <exception class="java.lang.AssertionError">
            <message>
              <![CDATA[login Not successful]]>
            </message>
            <full-stacktrace>
              <![CDATA[java.lang.AssertionError: login Not successful
at org.testng.Assert.fail(Assert.java:96)
at com.rgk.testcases.BankManagerLoginTest.loginAsBankManager(BankManagerLoginTest.java:20)
at sun.reflect.NativeMethodAccessorImpl.invoke0(Native Method)
at sun.reflect.NativeMethodAccessorImpl.invoke(Unknown Source)
at sun.reflect.DelegatingMethodAccessorImpl.invoke(Unknown Source)
at java.lang.reflect.Method.invoke(Unknown Source)
at org.testng.internal.MethodInvocationHelper.invokeMethod(MethodInvocationHelper.java:124)
at org.testng.internal.Invoker.invokeMethod(Invoker.java:583)
at org.testng.internal.Invoker.invokeTestMethod(Invoker.java:719)
at org.testng.internal.Invoker.invokeTestMethods(Invoker.java:989)
at org.testng.internal.TestMethodWorker.invokeTestMethods(TestMethodWorker.java:125)
at org.testng.internal.TestMethodWorker.run(TestMethodWorker.java:109)
at org.testng.TestRunner.privateRun(TestRunner.java:648)
at org.testng.TestRunner.run(TestRunner.java:505)
at org.testng.SuiteRunner.runTest(SuiteRunner.java:455)
at org.testng.SuiteRunner.runSequentially(SuiteRunner.java:450)
at org.testng.SuiteRunner.privateRun(SuiteRunner.java:415)
at org.testng.SuiteRunner.run(SuiteRunner.java:364)
at org.testng.SuiteRunnerWorker.runSuite(SuiteRunnerWorker.java:52)
at org.testng.SuiteRunnerWorker.run(SuiteRunnerWorker.java:84)
at org.testng.TestNG.runSuitesSequentially(TestNG.java:1208)
at org.testng.TestNG.runSuitesLocally(TestNG.java:1137)
at org.testng.TestNG.runSuites(TestNG.java:1049)
at org.testng.TestNG.run(TestNG.java:1017)
at org.testng.remote.AbstractRemoteTestNG.run(AbstractRemoteTestNG.java:114)
at org.testng.remote.RemoteTestNG.initAndRun(RemoteTestNG.java:251)
at org.testng.remote.RemoteTestNG.main(RemoteTestNG.java:77)
]]>
            </full-stacktrace>
          </exception> <!-- java.lang.AssertionError -->
          <reporter-output>
            <line>
              <![CDATA[loginAsBankManager test case initiated !!]]>
            </line>
            <line>
              <![CDATA[loginAsBankManager test case successfully completed!!]]>
            </line>
            <line>
              <![CDATA[Capture the failure screengrab]]>
            </line>
            <line>
              <![CDATA[<a target="_blank"href="C:\Users\Rohit\Pictures\HD Wallpapers\screenshot.jpg">Screenshot</a>]]>
            </line>
            <line>
              <![CDATA[<br>]]>
            </line>
            <line>
              <![CDATA[<a target="_blank"href="C:\Users\Rohit\Pictures\HD Wallpapers\screenshot.jpg"><img src="C:\Users\Rohit\Pictures\HD Wallpapers\screenshot.jpg" height=200 width=200></img></a>]]>
            </line>
          </reporter-output>
        </test-method> <!-- loginAsBankManager -->
      </class> <!-- com.rgk.testcases.BankManagerLoginTest -->
    </test> <!-- Bank Manager Login Test -->
    <test name="Add Customer Test" duration-ms="866" started-at="2018-12-20T02:58:42Z" finished-at="2018-12-20T02:58:43Z">
      <class name="com.rgk.testcases.AddCustomerTest">
        <test-method status="PASS" signature="setUp()[pri:0, instance:com.rgk.testcases.AddCustomerTest@15de0b3c]" name="setUp" is-config="true" duration-ms="10856" started-at="2018-12-20T02:58:30Z" finished-at="2018-12-20T02:58:41Z">
          <reporter-output>
            <line>
              <![CDATA[Chrome launched !!]]>
            </line>
            <line>
              <![CDATA[Navigated to:- http://www.way2automation.com/angularjs-protractor/banking/#/login]]>
            </line>
          </reporter-output>
        </test-method> <!-- setUp -->
        <test-method status="PASS" signature="addCustomer(java.lang.String, java.lang.String, java.lang.String, java.lang.String)[pri:0, instance:com.rgk.testcases.AddCustomerTest@15de0b3c]" name="addCustomer" duration-ms="843" started-at="2018-12-20T02:58:42Z" data-provider="getData" finished-at="2018-12-20T02:58:43Z">
          <params>
            <param index="0">
              <value>
                <![CDATA[Rohit]]>
              </value>
            </param>
            <param index="1">
              <value>
                <![CDATA[Kathe]]>
              </value>
            </param>
            <param index="2">
              <value>
                <![CDATA[8041.0]]>
              </value>
            </param>
            <param index="3">
              <value>
                <![CDATA[Customer added successfully]]>
              </value>
            </param>
          </params>
          <reporter-output>
            <line>
              <![CDATA[Customer successfully added and alert text validated]]>
            </line>
          </reporter-output>
        </test-method> <!-- addCustomer -->
        <test-method status="PASS" signature="tearDown()[pri:0, instance:com.rgk.testcases.AddCustomerTest@15de0b3c]" name="tearDown" is-config="true" duration-ms="866" started-at="2018-12-20T02:58:43Z" finished-at="2018-12-20T02:58:44Z">
          <reporter-output>
            <line>
              <![CDATA[Test suite execution completed]]>
            </line>
          </reporter-output>
        </test-method> <!-- tearDown -->
      </class> <!-- com.rgk.testcases.AddCustomerTest -->
    </test> <!-- Add Customer Test -->
  </suite> <!-- Data Driven Basics -->
</testng-results>
